<?xml version="1.0" encoding="UTF-8"?>
<testsuite name="game_tests.TestGame-20231217144627" tests="2" file="game_tests.py" time="0.155" timestamp="2023-12-17T14:46:28" failures="0" errors="0" skipped="0">
	<testcase classname="game_tests.TestGame" name="test_run_game" time="0.060" timestamp="2023-12-17T14:46:27"/>
	<testcase classname="game_tests.TestGame" name="test_run_round" time="0.095" timestamp="2023-12-17T14:46:28"/>
</testsuite>
