<?xml version="1.0" encoding="UTF-8"?>
<testsuite name="computerplayer_tests.TestComputerPlayer-20231217152723" tests="10" file="computerplayer_tests.py" time="0.009" timestamp="2023-12-17T15:27:24" failures="0" errors="0" skipped="0">
	<testcase classname="computerplayer_tests.TestComputerPlayer" name="test_check_columns_no_winning_move" time="0.001" timestamp="2023-12-17T15:27:24"/>
	<testcase classname="computerplayer_tests.TestComputerPlayer" name="test_check_columns_winning_move" time="0.000" timestamp="2023-12-17T15:27:24"/>
	<testcase classname="computerplayer_tests.TestComputerPlayer" name="test_check_diagonals_no_winning_move" time="0.001" timestamp="2023-12-17T15:27:24"/>
	<testcase classname="computerplayer_tests.TestComputerPlayer" name="test_check_diagonals_winning_move" time="0.001" timestamp="2023-12-17T15:27:24"/>
	<testcase classname="computerplayer_tests.TestComputerPlayer" name="test_check_rows_no_winning_move" time="0.001" timestamp="2023-12-17T15:27:24"/>
	<testcase classname="computerplayer_tests.TestComputerPlayer" name="test_check_rows_winning_move" time="0.001" timestamp="2023-12-17T15:27:24"/>
	<testcase classname="computerplayer_tests.TestComputerPlayer" name="test_make_fallback_move_center_available" time="0.001" timestamp="2023-12-17T15:27:24"/>
	<testcase classname="computerplayer_tests.TestComputerPlayer" name="test_make_fallback_move_corner_available" time="0.001" timestamp="2023-12-17T15:27:24"/>
	<testcase classname="computerplayer_tests.TestComputerPlayer" name="test_make_fallback_move_side_available" time="0.001" timestamp="2023-12-17T15:27:24"/>
	<testcase classname="computerplayer_tests.TestComputerPlayer" name="test_make_move_first_round" time="0.001" timestamp="2023-12-17T15:27:24"/>
</testsuite>
