<?xml version="1.0" encoding="UTF-8"?>
<testsuite name="app_tests.TestGame-20231217140623" tests="1" file="app_tests.py" time="0.000" timestamp="2023-12-17T14:06:24" failures="0" errors="0" skipped="0">
	<testcase classname="app_tests.TestGame" name="test_game_run" time="0.000" timestamp="2023-12-17T14:06:24"/>
</testsuite>
