<?xml version="1.0" encoding="UTF-8"?>
<testsuite name="player_tests.PlayerTests-20231217151123" tests="3" file="player_tests.py" time="0.003" timestamp="2023-12-17T15:11:24" failures="0" errors="0" skipped="0">
	<testcase classname="player_tests.PlayerTests" name="test_init" time="0.001" timestamp="2023-12-17T15:11:24"/>
	<testcase classname="player_tests.PlayerTests" name="test_make_move" time="0.001" timestamp="2023-12-17T15:11:24"/>
	<testcase classname="player_tests.PlayerTests" name="test_set_opponent" time="0.001" timestamp="2023-12-17T15:11:24"/>
</testsuite>
