<?xml version="1.0" encoding="UTF-8"?>
<testsuite name="player_tests.TestComputerPlayer-20231217133816" tests="1" file="player_tests.py" time="0.008" timestamp="2023-12-17T13:38:16" failures="0" errors="0" skipped="0">
	<testcase classname="player_tests.TestComputerPlayer" name="test_check_diagonals" time="0.008" timestamp="2023-12-17T13:38:16"/>
</testsuite>
