<?xml version="1.0" encoding="UTF-8"?>
<testsuite name="app_tests.TestGame-20231217140624" tests="1" file="app_tests.py" time="0.006" timestamp="2023-12-17T14:06:25" failures="0" errors="0" skipped="0">
	<testcase classname="app_tests.TestGame" name="test_game_run" time="0.006" timestamp="2023-12-17T14:06:25"/>
</testsuite>
