<?xml version="1.0" encoding="UTF-8"?>
<testsuite name="unittest.loader._FailedTest-20231217150141" tests="1" file="unittest/loader.py" time="0.011" timestamp="2023-12-17T15:01:42" failures="0" errors="1" skipped="0">
	<testcase classname="unittest.loader._FailedTest" name="computerplayer_tests" time="0.011" timestamp="2023-12-17T15:01:42">
		<error type="ImportError" message="Failed to import test module: computerplayer_tests
Traceback (most recent call last):
  File &quot;C:\Program Files\WindowsApps\PythonSoftwareFoundation.Python.3.11_3.11.2032.0_x64__qbz5n2kfra8p0\Lib\unittest\loader.py&quot;, line 162, in loadTestsFromName
    module = __import__(module_name)
             ^^^^^^^^^^^^^^^^^^^^^^^
  File &quot;c:\users\pavik\code\ea6 bui_ci\src\unittest\python\computerplayer_tests.py&quot;, line 2, in &lt;module&gt;
    from player import ComputerPlayer, Board
ImportError: cannot import name 'Board' from 'player' (c:\users\pavik\code\ea6 bui_ci\src\main\python\player.py)
"><![CDATA[Traceback (most recent call last):
  File "C:\Program Files\WindowsApps\PythonSoftwareFoundation.Python.3.11_3.11.2032.0_x64__qbz5n2kfra8p0\Lib\unittest\case.py", line 57, in testPartExecutor
    yield
  File "C:\Program Files\WindowsApps\PythonSoftwareFoundation.Python.3.11_3.11.2032.0_x64__qbz5n2kfra8p0\Lib\unittest\case.py", line 623, in run
    self._callTestMethod(testMethod)
    ^^^^^^^^^^^^^^^^^
  File "C:\Program Files\WindowsApps\PythonSoftwareFoundation.Python.3.11_3.11.2032.0_x64__qbz5n2kfra8p0\Lib\unittest\case.py", line 579, in _callTestMethod
    if method() is not None:
    ^^^^^^^^^^^^^^^^^
  File "C:\Program Files\WindowsApps\PythonSoftwareFoundation.Python.3.11_3.11.2032.0_x64__qbz5n2kfra8p0\Lib\unittest\loader.py", line 34, in testFailure
    raise self._exception
    ^^^^^^^^^^^^^^^^^
ImportError: Failed to import test module: computerplayer_tests
Traceback (most recent call last):
  File "C:\Program Files\WindowsApps\PythonSoftwareFoundation.Python.3.11_3.11.2032.0_x64__qbz5n2kfra8p0\Lib\unittest\loader.py", line 162, in loadTestsFromName
    module = __import__(module_name)
             ^^^^^^^^^^^^^^^^^^^^^^^
  File "c:\users\pavik\code\ea6 bui_ci\src\unittest\python\computerplayer_tests.py", line 2, in <module>
    from player import ComputerPlayer, Board
ImportError: cannot import name 'Board' from 'player' (c:\users\pavik\code\ea6 bui_ci\src\main\python\player.py)

]]></error>
	</testcase>
</testsuite>
