<?xml version="1.0" encoding="UTF-8"?>
<testsuite name="player_tests.TestComputerPlayer-20231217135920" tests="1" file="player_tests.py" time="0.002" timestamp="2023-12-17T13:59:20" failures="0" errors="0" skipped="0">
	<testcase classname="player_tests.TestComputerPlayer" name="test_check_diagonals" time="0.002" timestamp="2023-12-17T13:59:20"/>
</testsuite>
