<?xml version="1.0" encoding="UTF-8"?>
<testsuite name="game_tests.TestGame-20231217150141" tests="2" file="game_tests.py" time="0.175" timestamp="2023-12-17T15:01:42" failures="0" errors="0" skipped="0">
	<testcase classname="game_tests.TestGame" name="test_run_game" time="0.171" timestamp="2023-12-17T15:01:42"/>
	<testcase classname="game_tests.TestGame" name="test_run_round" time="0.004" timestamp="2023-12-17T15:01:42"/>
</testsuite>
