<?xml version="1.0" encoding="UTF-8"?>
<testsuite name="board_tests.BoardTests-20231217135344" tests="6" file="board_tests.py" time="0.024" timestamp="2023-12-17T13:53:44" failures="0" errors="1" skipped="0">
	<testcase classname="board_tests.BoardTests" name="test_check_winner_column" time="0.000" timestamp="2023-12-17T13:53:44"/>
	<testcase classname="board_tests.BoardTests" name="test_check_winner_diagonal" time="0.000" timestamp="2023-12-17T13:53:44"/>
	<testcase classname="board_tests.BoardTests" name="test_check_winner_row" time="0.000" timestamp="2023-12-17T13:53:44"/>
	<testcase classname="board_tests.BoardTests" name="test_check_winner_tie" time="0.000" timestamp="2023-12-17T13:53:44"/>
	<testcase classname="board_tests.BoardTests" name="test_is_empty" time="0.002" timestamp="2023-12-17T13:53:44"/>
	<testcase classname="board_tests.BoardTests" name="test_print_board" time="0.022" timestamp="2023-12-17T13:53:44">
		<error type="InvocationError" message="You tried to stub a method 'print' the object ({'__name__': 'builtins', '__doc__': &quot;Built-in functions, types, exceptions, and other objects.\n\nThis module provides direct access to all 'built-in'\nidentifiers of Python; for example, builtins.len is\nthe full name for the built-in function len().\n\nThis module is not normally accessed explicitly by most\napplications, but can be useful in modules that provide\nobjects with the same name as a built-in value, but in\nwhich the built-in of that name is also needed.&quot;, '__package__': '', '__loader__': &lt;class '_frozen_importlib.BuiltinImporter'&gt;, '__spec__': ModuleSpec(name='builtins', loader=&lt;class '_frozen_importlib.BuiltinImporter'&gt;, origin='built-in'), '__build_class__': &lt;built-in function __build_class__&gt;, '__import__': &lt;built-in function __import__&gt;, 'abs': &lt;built-in function abs&gt;, 'all': &lt;built-in function all&gt;, 'any': &lt;built-in function any&gt;, 'ascii': &lt;built-in function ascii&gt;, 'bin': &lt;built-in function bin&gt;, 'breakpoint': &lt;built-in function breakpoint&gt;, 'callable': &lt;built-in function callable&gt;, 'chr': &lt;built-in function chr&gt;, 'compile': &lt;built-in function compile&gt;, 'delattr': &lt;built-in function delattr&gt;, 'dir': &lt;built-in function dir&gt;, 'divmod': &lt;built-in function divmod&gt;, 'eval': &lt;built-in function eval&gt;, 'exec': &lt;built-in function exec&gt;, 'format': &lt;built-in function format&gt;, 'getattr': &lt;built-in function getattr&gt;, 'globals': &lt;built-in function globals&gt;, 'hasattr': &lt;built-in function hasattr&gt;, 'hash': &lt;built-in function hash&gt;, 'hex': &lt;built-in function hex&gt;, 'id': &lt;built-in function id&gt;, 'input': &lt;built-in function input&gt;, 'isinstance': &lt;built-in function isinstance&gt;, 'issubclass': &lt;built-in function issubclass&gt;, 'iter': &lt;built-in function iter&gt;, 'aiter': &lt;built-in function aiter&gt;, 'len': &lt;built-in function len&gt;, 'locals': &lt;built-in function locals&gt;, 'max': &lt;built-in function max&gt;, 'min': &lt;built-in function min&gt;, 'next': &lt;built-in function next&gt;, 'anext': &lt;built-in function anext&gt;, 'oct': &lt;built-in function oct&gt;, 'ord': &lt;built-in function ord&gt;, 'pow': &lt;built-in function pow&gt;, 'print': &lt;built-in function print&gt;, 'repr': &lt;built-in function repr&gt;, 'round': &lt;built-in function round&gt;, 'setattr': &lt;built-in function setattr&gt;, 'sorted': &lt;built-in function sorted&gt;, 'sum': &lt;built-in function sum&gt;, 'vars': &lt;built-in function vars&gt;, 'None': None, 'Ellipsis': Ellipsis, 'NotImplemented': NotImplemented, 'False': False, 'True': True, 'bool': &lt;class 'bool'&gt;, 'memoryview': &lt;class 'memoryview'&gt;, 'bytearray': &lt;class 'bytearray'&gt;, 'bytes': &lt;class 'bytes'&gt;, 'classmethod': &lt;class 'classmethod'&gt;, 'complex': &lt;class 'complex'&gt;, 'dict': &lt;class 'dict'&gt;, 'enumerate': &lt;class 'enumerate'&gt;, 'filter': &lt;class 'filter'&gt;, 'float': &lt;class 'float'&gt;, 'frozenset': &lt;class 'frozenset'&gt;, 'property': &lt;class 'property'&gt;, 'int': &lt;class 'int'&gt;, 'list': &lt;class 'list'&gt;, 'map': &lt;class 'map'&gt;, 'object': &lt;class 'object'&gt;, 'range': &lt;class 'range'&gt;, 'reversed': &lt;class 'reversed'&gt;, 'set': &lt;class 'set'&gt;, 'slice': &lt;class 'slice'&gt;, 'staticmethod': &lt;class 'staticmethod'&gt;, 'str': &lt;class 'str'&gt;, 'super': &lt;class 'super'&gt;, 'tuple': &lt;class 'tuple'&gt;, 'type': &lt;class 'type'&gt;, 'zip': &lt;class 'zip'&gt;, '__debug__': True, 'BaseException': &lt;class 'BaseException'&gt;, 'BaseExceptionGroup': &lt;class 'BaseExceptionGroup'&gt;, 'Exception': &lt;class 'Exception'&gt;, 'GeneratorExit': &lt;class 'GeneratorExit'&gt;, 'KeyboardInterrupt': &lt;class 'KeyboardInterrupt'&gt;, 'SystemExit': &lt;class 'SystemExit'&gt;, 'ArithmeticError': &lt;class 'ArithmeticError'&gt;, 'AssertionError': &lt;class 'AssertionError'&gt;, 'AttributeError': &lt;class 'AttributeError'&gt;, 'BufferError': &lt;class 'BufferError'&gt;, 'EOFError': &lt;class 'EOFError'&gt;, 'ImportError': &lt;class 'ImportError'&gt;, 'LookupError': &lt;class 'LookupError'&gt;, 'MemoryError': &lt;class 'MemoryError'&gt;, 'NameError': &lt;class 'NameError'&gt;, 'OSError': &lt;class 'OSError'&gt;, 'ReferenceError': &lt;class 'ReferenceError'&gt;, 'RuntimeError': &lt;class 'RuntimeError'&gt;, 'StopAsyncIteration': &lt;class 'StopAsyncIteration'&gt;, 'StopIteration': &lt;class 'StopIteration'&gt;, 'SyntaxError': &lt;class 'SyntaxError'&gt;, 'SystemError': &lt;class 'SystemError'&gt;, 'TypeError': &lt;class 'TypeError'&gt;, 'ValueError': &lt;class 'ValueError'&gt;, 'Warning': &lt;class 'Warning'&gt;, 'FloatingPointError': &lt;class 'FloatingPointError'&gt;, 'OverflowError': &lt;class 'OverflowError'&gt;, 'ZeroDivisionError': &lt;class 'ZeroDivisionError'&gt;, 'BytesWarning': &lt;class 'BytesWarning'&gt;, 'DeprecationWarning': &lt;class 'DeprecationWarning'&gt;, 'EncodingWarning': &lt;class 'EncodingWarning'&gt;, 'FutureWarning': &lt;class 'FutureWarning'&gt;, 'ImportWarning': &lt;class 'ImportWarning'&gt;, 'PendingDeprecationWarning': &lt;class 'PendingDeprecationWarning'&gt;, 'ResourceWarning': &lt;class 'ResourceWarning'&gt;, 'RuntimeWarning': &lt;class 'RuntimeWarning'&gt;, 'SyntaxWarning': &lt;class 'SyntaxWarning'&gt;, 'UnicodeWarning': &lt;class 'UnicodeWarning'&gt;, 'UserWarning': &lt;class 'UserWarning'&gt;, 'BlockingIOError': &lt;class 'BlockingIOError'&gt;, 'ChildProcessError': &lt;class 'ChildProcessError'&gt;, 'ConnectionError': &lt;class 'ConnectionError'&gt;, 'FileExistsError': &lt;class 'FileExistsError'&gt;, 'FileNotFoundError': &lt;class 'FileNotFoundError'&gt;, 'InterruptedError': &lt;class 'InterruptedError'&gt;, 'IsADirectoryError': &lt;class 'IsADirectoryError'&gt;, 'NotADirectoryError': &lt;class 'NotADirectoryError'&gt;, 'PermissionError': &lt;class 'PermissionError'&gt;, 'ProcessLookupError': &lt;class 'ProcessLookupError'&gt;, 'TimeoutError': &lt;class 'TimeoutError'&gt;, 'IndentationError': &lt;class 'IndentationError'&gt;, 'IndexError': &lt;class 'IndexError'&gt;, 'KeyError': &lt;class 'KeyError'&gt;, 'ModuleNotFoundError': &lt;class 'ModuleNotFoundError'&gt;, 'NotImplementedError': &lt;class 'NotImplementedError'&gt;, 'RecursionError': &lt;class 'RecursionError'&gt;, 'UnboundLocalError': &lt;class 'UnboundLocalError'&gt;, 'UnicodeError': &lt;class 'UnicodeError'&gt;, 'BrokenPipeError': &lt;class 'BrokenPipeError'&gt;, 'ConnectionAbortedError': &lt;class 'ConnectionAbortedError'&gt;, 'ConnectionRefusedError': &lt;class 'ConnectionRefusedError'&gt;, 'ConnectionResetError': &lt;class 'ConnectionResetError'&gt;, 'TabError': &lt;class 'TabError'&gt;, 'UnicodeDecodeError': &lt;class 'UnicodeDecodeError'&gt;, 'UnicodeEncodeError': &lt;class 'UnicodeEncodeError'&gt;, 'UnicodeTranslateError': &lt;class 'UnicodeTranslateError'&gt;, 'ExceptionGroup': &lt;class 'ExceptionGroup'&gt;, 'EnvironmentError': &lt;class 'OSError'&gt;, 'IOError': &lt;class 'OSError'&gt;, 'WindowsError': &lt;class 'OSError'&gt;, 'open': &lt;built-in function open&gt;, 'quit': Use quit() or Ctrl-Z plus Return to exit, 'exit': Use exit() or Ctrl-Z plus Return to exit, 'copyright': Copyright (c) 2001-2023 Python Software Foundation.
All Rights Reserved.

Copyright (c) 2000 BeOpen.com.
All Rights Reserved.

Copyright (c) 1995-2001 Corporation for National Research Initiatives.
All Rights Reserved.

Copyright (c) 1991-1995 Stichting Mathematisch Centrum, Amsterdam.
All Rights Reserved., 'credits':     Thanks to CWI, CNRI, BeOpen.com, Zope Corporation and a cast of thousands
    for supporting Python development.  See www.python.org for more information., 'license': Type license() to see the full license text, 'help': Type help() for interactive help, or help(object) for help about object.}) doesn't have."><![CDATA[Traceback (most recent call last):
  File "C:\Program Files\WindowsApps\PythonSoftwareFoundation.Python.3.11_3.11.2032.0_x64__qbz5n2kfra8p0\Lib\unittest\case.py", line 57, in testPartExecutor
    yield
  File "C:\Program Files\WindowsApps\PythonSoftwareFoundation.Python.3.11_3.11.2032.0_x64__qbz5n2kfra8p0\Lib\unittest\case.py", line 623, in run
    self._callTestMethod(testMethod)
    ^^^^^^^^^^^^^^^^^
  File "C:\Program Files\WindowsApps\PythonSoftwareFoundation.Python.3.11_3.11.2032.0_x64__qbz5n2kfra8p0\Lib\unittest\case.py", line 579, in _callTestMethod
    if method() is not None:
    ^^^^^^^^^^^^^^^^^
  File "c:\users\pavik\code\ea6 bui_ci\src\unittest\python\board_tests.py", line 18, in test_print_board
    when(__builtins__).print(...).thenReturn(print_mock)
    ^^^^^^^^^^^^^^^^^
  File "c:\users\pavik\code\ea6 bui_ci\target\venv\build\cpython-3.11.7.final.0\Lib\site-packages\mockito\invocation.py", line 347, in __call__
    self.ensure_mocked_object_has_method(self.method_name)
    ^^^^^^^^^^^^^^^^^
  File "c:\users\pavik\code\ea6 bui_ci\target\venv\build\cpython-3.11.7.final.0\Lib\site-packages\mockito\invocation.py", line 334, in ensure_mocked_object_has_method
    raise InvocationError(
    ^^^^^^^^^^^^^^^^^
mockito.invocation.InvocationError: You tried to stub a method 'print' the object ({'__name__': 'builtins', '__doc__': "Built-in functions, types, exceptions, and other objects.\n\nThis module provides direct access to all 'built-in'\nidentifiers of Python; for example, builtins.len is\nthe full name for the built-in function len().\n\nThis module is not normally accessed explicitly by most\napplications, but can be useful in modules that provide\nobjects with the same name as a built-in value, but in\nwhich the built-in of that name is also needed.", '__package__': '', '__loader__': <class '_frozen_importlib.BuiltinImporter'>, '__spec__': ModuleSpec(name='builtins', loader=<class '_frozen_importlib.BuiltinImporter'>, origin='built-in'), '__build_class__': <built-in function __build_class__>, '__import__': <built-in function __import__>, 'abs': <built-in function abs>, 'all': <built-in function all>, 'any': <built-in function any>, 'ascii': <built-in function ascii>, 'bin': <built-in function bin>, 'breakpoint': <built-in function breakpoint>, 'callable': <built-in function callable>, 'chr': <built-in function chr>, 'compile': <built-in function compile>, 'delattr': <built-in function delattr>, 'dir': <built-in function dir>, 'divmod': <built-in function divmod>, 'eval': <built-in function eval>, 'exec': <built-in function exec>, 'format': <built-in function format>, 'getattr': <built-in function getattr>, 'globals': <built-in function globals>, 'hasattr': <built-in function hasattr>, 'hash': <built-in function hash>, 'hex': <built-in function hex>, 'id': <built-in function id>, 'input': <built-in function input>, 'isinstance': <built-in function isinstance>, 'issubclass': <built-in function issubclass>, 'iter': <built-in function iter>, 'aiter': <built-in function aiter>, 'len': <built-in function len>, 'locals': <built-in function locals>, 'max': <built-in function max>, 'min': <built-in function min>, 'next': <built-in function next>, 'anext': <built-in function anext>, 'oct': <built-in function oct>, 'ord': <built-in function ord>, 'pow': <built-in function pow>, 'print': <built-in function print>, 'repr': <built-in function repr>, 'round': <built-in function round>, 'setattr': <built-in function setattr>, 'sorted': <built-in function sorted>, 'sum': <built-in function sum>, 'vars': <built-in function vars>, 'None': None, 'Ellipsis': Ellipsis, 'NotImplemented': NotImplemented, 'False': False, 'True': True, 'bool': <class 'bool'>, 'memoryview': <class 'memoryview'>, 'bytearray': <class 'bytearray'>, 'bytes': <class 'bytes'>, 'classmethod': <class 'classmethod'>, 'complex': <class 'complex'>, 'dict': <class 'dict'>, 'enumerate': <class 'enumerate'>, 'filter': <class 'filter'>, 'float': <class 'float'>, 'frozenset': <class 'frozenset'>, 'property': <class 'property'>, 'int': <class 'int'>, 'list': <class 'list'>, 'map': <class 'map'>, 'object': <class 'object'>, 'range': <class 'range'>, 'reversed': <class 'reversed'>, 'set': <class 'set'>, 'slice': <class 'slice'>, 'staticmethod': <class 'staticmethod'>, 'str': <class 'str'>, 'super': <class 'super'>, 'tuple': <class 'tuple'>, 'type': <class 'type'>, 'zip': <class 'zip'>, '__debug__': True, 'BaseException': <class 'BaseException'>, 'BaseExceptionGroup': <class 'BaseExceptionGroup'>, 'Exception': <class 'Exception'>, 'GeneratorExit': <class 'GeneratorExit'>, 'KeyboardInterrupt': <class 'KeyboardInterrupt'>, 'SystemExit': <class 'SystemExit'>, 'ArithmeticError': <class 'ArithmeticError'>, 'AssertionError': <class 'AssertionError'>, 'AttributeError': <class 'AttributeError'>, 'BufferError': <class 'BufferError'>, 'EOFError': <class 'EOFError'>, 'ImportError': <class 'ImportError'>, 'LookupError': <class 'LookupError'>, 'MemoryError': <class 'MemoryError'>, 'NameError': <class 'NameError'>, 'OSError': <class 'OSError'>, 'ReferenceError': <class 'ReferenceError'>, 'RuntimeError': <class 'RuntimeError'>, 'StopAsyncIteration': <class 'StopAsyncIteration'>, 'StopIteration': <class 'StopIteration'>, 'SyntaxError': <class 'SyntaxError'>, 'SystemError': <class 'SystemError'>, 'TypeError': <class 'TypeError'>, 'ValueError': <class 'ValueError'>, 'Warning': <class 'Warning'>, 'FloatingPointError': <class 'FloatingPointError'>, 'OverflowError': <class 'OverflowError'>, 'ZeroDivisionError': <class 'ZeroDivisionError'>, 'BytesWarning': <class 'BytesWarning'>, 'DeprecationWarning': <class 'DeprecationWarning'>, 'EncodingWarning': <class 'EncodingWarning'>, 'FutureWarning': <class 'FutureWarning'>, 'ImportWarning': <class 'ImportWarning'>, 'PendingDeprecationWarning': <class 'PendingDeprecationWarning'>, 'ResourceWarning': <class 'ResourceWarning'>, 'RuntimeWarning': <class 'RuntimeWarning'>, 'SyntaxWarning': <class 'SyntaxWarning'>, 'UnicodeWarning': <class 'UnicodeWarning'>, 'UserWarning': <class 'UserWarning'>, 'BlockingIOError': <class 'BlockingIOError'>, 'ChildProcessError': <class 'ChildProcessError'>, 'ConnectionError': <class 'ConnectionError'>, 'FileExistsError': <class 'FileExistsError'>, 'FileNotFoundError': <class 'FileNotFoundError'>, 'InterruptedError': <class 'InterruptedError'>, 'IsADirectoryError': <class 'IsADirectoryError'>, 'NotADirectoryError': <class 'NotADirectoryError'>, 'PermissionError': <class 'PermissionError'>, 'ProcessLookupError': <class 'ProcessLookupError'>, 'TimeoutError': <class 'TimeoutError'>, 'IndentationError': <class 'IndentationError'>, 'IndexError': <class 'IndexError'>, 'KeyError': <class 'KeyError'>, 'ModuleNotFoundError': <class 'ModuleNotFoundError'>, 'NotImplementedError': <class 'NotImplementedError'>, 'RecursionError': <class 'RecursionError'>, 'UnboundLocalError': <class 'UnboundLocalError'>, 'UnicodeError': <class 'UnicodeError'>, 'BrokenPipeError': <class 'BrokenPipeError'>, 'ConnectionAbortedError': <class 'ConnectionAbortedError'>, 'ConnectionRefusedError': <class 'ConnectionRefusedError'>, 'ConnectionResetError': <class 'ConnectionResetError'>, 'TabError': <class 'TabError'>, 'UnicodeDecodeError': <class 'UnicodeDecodeError'>, 'UnicodeEncodeError': <class 'UnicodeEncodeError'>, 'UnicodeTranslateError': <class 'UnicodeTranslateError'>, 'ExceptionGroup': <class 'ExceptionGroup'>, 'EnvironmentError': <class 'OSError'>, 'IOError': <class 'OSError'>, 'WindowsError': <class 'OSError'>, 'open': <built-in function open>, 'quit': Use quit() or Ctrl-Z plus Return to exit, 'exit': Use exit() or Ctrl-Z plus Return to exit, 'copyright': Copyright (c) 2001-2023 Python Software Foundation.
All Rights Reserved.

Copyright (c) 2000 BeOpen.com.
All Rights Reserved.

Copyright (c) 1995-2001 Corporation for National Research Initiatives.
All Rights Reserved.

Copyright (c) 1991-1995 Stichting Mathematisch Centrum, Amsterdam.
All Rights Reserved., 'credits':     Thanks to CWI, CNRI, BeOpen.com, Zope Corporation and a cast of thousands
    for supporting Python development.  See www.python.org for more information., 'license': Type license() to see the full license text, 'help': Type help() for interactive help, or help(object) for help about object.}) doesn't have.
]]></error>
	</testcase>
</testsuite>
