<?xml version="1.0" encoding="UTF-8"?>
<testsuite name="app_tests.TestGame-20231217152354" tests="4" file="app_tests.py" time="0.012" timestamp="2023-12-17T15:23:55" failures="0" errors="0" skipped="0">
	<testcase classname="app_tests.TestGame" name="test_game_instance_creation" time="0.002" timestamp="2023-12-17T15:23:55"/>
	<testcase classname="app_tests.TestGame" name="test_run_game" time="0.007" timestamp="2023-12-17T15:23:55"/>
	<testcase classname="app_tests.TestGame" name="test_run_round" time="0.001" timestamp="2023-12-17T15:23:55"/>
	<testcase classname="app_tests.TestGame" name="test_run_round_computer" time="0.002" timestamp="2023-12-17T15:23:55"/>
</testsuite>
